#Estimated Cate-TxtNum Distributions :

Cate: 001       TxtList-Length: 120370  Ratio: 30.093%  Test-Estimated: 30092.5
Cate: 002       TxtList-Length: 91053   Ratio: 22.763%  Test-Estimated: 22763.25
Cate: 003       TxtList-Length: 51015   Ratio: 12.754%  Test-Estimated: 12753.75
Cate: 004       TxtList-Length: 6588    Ratio: 1.647%   Test-Estimated: 1647.0
Cate: 005       TxtList-Length: 16494   Ratio: 4.123%   Test-Estimated: 4123.5
Cate: 006       TxtList-Length: 62684   Ratio: 15.671%  Test-Estimated: 15671.0
Cate: 007       TxtList-Length: 21135   Ratio: 5.284%   Test-Estimated: 5283.75
Cate: 008       TxtList-Length: 13181   Ratio: 3.295%   Test-Estimated: 3295.25
Cate: 009       TxtList-Length: 17480   Ratio: 4.370%   Test-Estimated: 4370.0


001     31511     34542		30092.5		+1500
002     23052     22026		22763.25	-289
003     13528     13247		12753.75	-774
004     1544     1510		1647.0		-103
005     4387     4314		4123.5		+263
006     14098     12978		15671.0		-1573
007     5179     4986		5283.75		-105
008     2424     2247		3295.25		-871
009     4277     4150		4370.0		-93




Cate	82.03%	Estim	Diff
001     31511   30092   1419
002     23052   22763   289
003     13528   12753   775
004     1544    1647    -103
005     4387    4123    264
006     14098   15671   -1573
007     5179    5283    -104
008     2424    3295    -871
009     4277    4370    -93

Cate	81.62%	Estim	Diff
001     34542   30092   4450
002     22026   22763   -737
003     13247   12753   494
004     1510    1647    -137
005     4314    4123    191
006     12978   15671   -2693
007     4986    5283    -297
008     2247    3295    -1048
009     4150    4370    -220

Cate	81.24%	Estim	Diff
001     33203   30092   3111
002     22373   22763   -390
003     13445   12753   692
004     1496    1647    -151
005     4396    4123    273
006     13965   15671   -1706
007     4718    5283    -565
008     2364    3295    -931
009     4040    4370    -330


#MOD log
81.2440%.txt                            	2019-07-26 21:42:59 
81.4850%.txt                            	2019-07-26 22:26:54 
81.5180%.txt                            	2019-07-27 07:57:55 
81.5320%.txt                            	2019-07-27 11:09:03 
81.5320_81.2440_001_prior.txt           	2019-07-31 21:21:21 
82.0370%.txt                            	2019-07-31 21:21:21 
81.5320_81.2440_001_006_.txt            	2019-08-01 00:24:00 
81.5320_81.2440_001_003_008_.txt        	2019-08-01 00:29:27 
81.5320_81.2440_001_.txt                	2019-08-01 00:31:20 
81.5320_Ans_MSMVC_4_2_10_0.4_2_0.51.txt  	2019-08-01 00:33:03 
81.6200%.txt                            	2019-08-01 00:33:03 
81.6200_81.2440_001_MOD.txt             	2019-08-01 07:48:24 
82.1800%.txt                            	2019-08-01 07:48:24 
Submission_Check.py                     	2019-08-01 08:13:52 











